mode: set
github.com/apache/incubator-uniffle/deploy/kubernetes/operator/pkg/controller/util/util.go:39.85,41.2 1 0
github.com/apache/incubator-uniffle/deploy/kubernetes/operator/pkg/controller/util/util.go:44.89,54.2 1 0
github.com/apache/incubator-uniffle/deploy/kubernetes/operator/pkg/controller/util/util.go:59.59,79.2 4 0
github.com/apache/incubator-uniffle/deploy/kubernetes/operator/pkg/controller/util/util.go:82.71,86.43 3 0
github.com/apache/incubator-uniffle/deploy/kubernetes/operator/pkg/controller/util/util.go:89.2,89.28 1 0
github.com/apache/incubator-uniffle/deploy/kubernetes/operator/pkg/controller/util/util.go:98.2,98.82 1 0
github.com/apache/incubator-uniffle/deploy/kubernetes/operator/pkg/controller/util/util.go:86.43,88.3 1 0
github.com/apache/incubator-uniffle/deploy/kubernetes/operator/pkg/controller/util/util.go:89.28,97.3 1 0
github.com/apache/incubator-uniffle/deploy/kubernetes/operator/pkg/controller/util/util.go:102.90,104.50 2 0
github.com/apache/incubator-uniffle/deploy/kubernetes/operator/pkg/controller/util/util.go:110.2,110.21 1 0
github.com/apache/incubator-uniffle/deploy/kubernetes/operator/pkg/controller/util/util.go:104.50,109.3 1 0
github.com/apache/incubator-uniffle/deploy/kubernetes/operator/pkg/controller/util/util.go:115.109,117.39 2 0
github.com/apache/incubator-uniffle/deploy/kubernetes/operator/pkg/controller/util/util.go:127.2,127.16 1 0
github.com/apache/incubator-uniffle/deploy/kubernetes/operator/pkg/controller/util/util.go:117.39,118.25 1 0
github.com/apache/incubator-uniffle/deploy/kubernetes/operator/pkg/controller/util/util.go:121.3,121.30 1 0
github.com/apache/incubator-uniffle/deploy/kubernetes/operator/pkg/controller/util/util.go:118.25,119.12 1 0
github.com/apache/incubator-uniffle/deploy/kubernetes/operator/pkg/controller/util/util.go:121.30,123.4 1 0
github.com/apache/incubator-uniffle/deploy/kubernetes/operator/pkg/controller/util/util.go:123.9,125.4 1 0
github.com/apache/incubator-uniffle/deploy/kubernetes/operator/pkg/controller/util/util.go:131.70,133.22 2 0
github.com/apache/incubator-uniffle/deploy/kubernetes/operator/pkg/controller/util/util.go:136.2,145.3 2 0
github.com/apache/incubator-uniffle/deploy/kubernetes/operator/pkg/controller/util/util.go:133.22,135.3 1 0
github.com/apache/incubator-uniffle/deploy/kubernetes/operator/pkg/controller/util/util.go:149.57,154.2 4 0
github.com/apache/incubator-uniffle/deploy/kubernetes/operator/pkg/controller/util/util.go:157.81,159.84 2 0
github.com/apache/incubator-uniffle/deploy/kubernetes/operator/pkg/controller/util/util.go:162.2,162.40 1 0
github.com/apache/incubator-uniffle/deploy/kubernetes/operator/pkg/controller/util/util.go:199.2,199.23 1 0
github.com/apache/incubator-uniffle/deploy/kubernetes/operator/pkg/controller/util/util.go:159.84,161.3 1 0
github.com/apache/incubator-uniffle/deploy/kubernetes/operator/pkg/controller/util/util.go:162.40,164.22 2 0
github.com/apache/incubator-uniffle/deploy/kubernetes/operator/pkg/controller/util/util.go:167.3,179.38 3 0
github.com/apache/incubator-uniffle/deploy/kubernetes/operator/pkg/controller/util/util.go:164.22,166.4 1 0
github.com/apache/incubator-uniffle/deploy/kubernetes/operator/pkg/controller/util/util.go:179.38,197.4 1 0
github.com/apache/incubator-uniffle/deploy/kubernetes/operator/pkg/controller/util/util.go:202.82,208.2 2 0
github.com/apache/incubator-uniffle/deploy/kubernetes/operator/pkg/controller/util/util.go:210.75,214.86 3 1
github.com/apache/incubator-uniffle/deploy/kubernetes/operator/pkg/controller/util/util.go:218.2,219.84 2 1
github.com/apache/incubator-uniffle/deploy/kubernetes/operator/pkg/controller/util/util.go:223.2,223.54 1 1
github.com/apache/incubator-uniffle/deploy/kubernetes/operator/pkg/controller/util/util.go:226.2,226.17 1 1
github.com/apache/incubator-uniffle/deploy/kubernetes/operator/pkg/controller/util/util.go:214.86,216.3 1 1
github.com/apache/incubator-uniffle/deploy/kubernetes/operator/pkg/controller/util/util.go:219.84,221.3 1 1
github.com/apache/incubator-uniffle/deploy/kubernetes/operator/pkg/controller/util/util.go:223.54,225.3 1 1
github.com/apache/incubator-uniffle/deploy/kubernetes/operator/pkg/controller/util/util.go:230.93,236.2 3 0
github.com/apache/incubator-uniffle/deploy/kubernetes/operator/pkg/controller/util/util.go:239.53,241.2 1 0
github.com/apache/incubator-uniffle/deploy/kubernetes/operator/pkg/webhook/inspector/inspector.go:50.72,52.2 1 0
github.com/apache/incubator-uniffle/deploy/kubernetes/operator/pkg/webhook/inspector/inspector.go:55.73,87.2 9 1
github.com/apache/incubator-uniffle/deploy/kubernetes/operator/pkg/webhook/inspector/inspector.go:106.54,109.90 3 0
github.com/apache/incubator-uniffle/deploy/kubernetes/operator/pkg/webhook/inspector/inspector.go:112.2,114.59 2 0
github.com/apache/incubator-uniffle/deploy/kubernetes/operator/pkg/webhook/inspector/inspector.go:117.2,117.12 1 0
github.com/apache/incubator-uniffle/deploy/kubernetes/operator/pkg/webhook/inspector/inspector.go:109.90,111.3 1 0
github.com/apache/incubator-uniffle/deploy/kubernetes/operator/pkg/webhook/inspector/inspector.go:114.59,116.3 1 0
github.com/apache/incubator-uniffle/deploy/kubernetes/operator/pkg/webhook/inspector/pod.go:40.113,42.70 2 0
github.com/apache/incubator-uniffle/deploy/kubernetes/operator/pkg/webhook/inspector/pod.go:47.2,49.48 2 0
github.com/apache/incubator-uniffle/deploy/kubernetes/operator/pkg/webhook/inspector/pod.go:54.2,56.16 3 0
github.com/apache/incubator-uniffle/deploy/kubernetes/operator/pkg/webhook/inspector/pod.go:63.2,63.108 1 0
github.com/apache/incubator-uniffle/deploy/kubernetes/operator/pkg/webhook/inspector/pod.go:71.2,71.84 1 0
github.com/apache/incubator-uniffle/deploy/kubernetes/operator/pkg/webhook/inspector/pod.go:89.2,89.67 1 0
github.com/apache/incubator-uniffle/deploy/kubernetes/operator/pkg/webhook/inspector/pod.go:94.2,94.47 1 0
github.com/apache/incubator-uniffle/deploy/kubernetes/operator/pkg/webhook/inspector/pod.go:98.2,99.51 2 0
github.com/apache/incubator-uniffle/deploy/kubernetes/operator/pkg/webhook/inspector/pod.go:42.70,46.3 2 0
github.com/apache/incubator-uniffle/deploy/kubernetes/operator/pkg/webhook/inspector/pod.go:49.48,53.3 2 0
github.com/apache/incubator-uniffle/deploy/kubernetes/operator/pkg/webhook/inspector/pod.go:56.16,57.32 1 0
github.com/apache/incubator-uniffle/deploy/kubernetes/operator/pkg/webhook/inspector/pod.go:60.3,60.45 1 0
github.com/apache/incubator-uniffle/deploy/kubernetes/operator/pkg/webhook/inspector/pod.go:57.32,59.4 1 0
github.com/apache/incubator-uniffle/deploy/kubernetes/operator/pkg/webhook/inspector/pod.go:63.108,68.3 3 0
github.com/apache/incubator-uniffle/deploy/kubernetes/operator/pkg/webhook/inspector/pod.go:71.84,74.38 3 0
github.com/apache/incubator-uniffle/deploy/kubernetes/operator/pkg/webhook/inspector/pod.go:80.3,80.18 1 0
github.com/apache/incubator-uniffle/deploy/kubernetes/operator/pkg/webhook/inspector/pod.go:74.38,75.24 1 0
github.com/apache/incubator-uniffle/deploy/kubernetes/operator/pkg/webhook/inspector/pod.go:75.24,77.10 2 0
github.com/apache/incubator-uniffle/deploy/kubernetes/operator/pkg/webhook/inspector/pod.go:80.18,85.4 3 0
github.com/apache/incubator-uniffle/deploy/kubernetes/operator/pkg/webhook/inspector/pod.go:89.67,91.3 1 0
github.com/apache/incubator-uniffle/deploy/kubernetes/operator/pkg/webhook/inspector/pod.go:94.47,97.3 2 0
github.com/apache/incubator-uniffle/deploy/kubernetes/operator/pkg/webhook/inspector/pod.go:105.25,109.33 4 0
github.com/apache/incubator-uniffle/deploy/kubernetes/operator/pkg/webhook/inspector/pod.go:114.2,119.83 5 0
github.com/apache/incubator-uniffle/deploy/kubernetes/operator/pkg/webhook/inspector/pod.go:125.2,127.16 3 0
github.com/apache/incubator-uniffle/deploy/kubernetes/operator/pkg/webhook/inspector/pod.go:133.2,140.76 7 0
github.com/apache/incubator-uniffle/deploy/kubernetes/operator/pkg/webhook/inspector/pod.go:145.2,145.12 1 0
github.com/apache/incubator-uniffle/deploy/kubernetes/operator/pkg/webhook/inspector/pod.go:109.33,112.3 2 0
github.com/apache/incubator-uniffle/deploy/kubernetes/operator/pkg/webhook/inspector/pod.go:119.83,123.3 2 0
github.com/apache/incubator-uniffle/deploy/kubernetes/operator/pkg/webhook/inspector/pod.go:127.16,131.3 2 0
github.com/apache/incubator-uniffle/deploy/kubernetes/operator/pkg/webhook/inspector/pod.go:140.76,144.3 2 0
github.com/apache/incubator-uniffle/deploy/kubernetes/operator/pkg/webhook/inspector/rss.go:36.95,37.64 1 1
github.com/apache/incubator-uniffle/deploy/kubernetes/operator/pkg/webhook/inspector/rss.go:50.2,51.70 2 1
github.com/apache/incubator-uniffle/deploy/kubernetes/operator/pkg/webhook/inspector/rss.go:56.2,56.69 1 1
github.com/apache/incubator-uniffle/deploy/kubernetes/operator/pkg/webhook/inspector/rss.go:62.2,63.111 2 1
github.com/apache/incubator-uniffle/deploy/kubernetes/operator/pkg/webhook/inspector/rss.go:67.2,68.30 2 1
github.com/apache/incubator-uniffle/deploy/kubernetes/operator/pkg/webhook/inspector/rss.go:91.2,91.38 1 0
github.com/apache/incubator-uniffle/deploy/kubernetes/operator/pkg/webhook/inspector/rss.go:37.64,39.74 2 1
github.com/apache/incubator-uniffle/deploy/kubernetes/operator/pkg/webhook/inspector/rss.go:45.3,45.58 1 1
github.com/apache/incubator-uniffle/deploy/kubernetes/operator/pkg/webhook/inspector/rss.go:39.74,43.4 2 0
github.com/apache/incubator-uniffle/deploy/kubernetes/operator/pkg/webhook/inspector/rss.go:45.58,48.4 2 1
github.com/apache/incubator-uniffle/deploy/kubernetes/operator/pkg/webhook/inspector/rss.go:51.70,55.3 2 0
github.com/apache/incubator-uniffle/deploy/kubernetes/operator/pkg/webhook/inspector/rss.go:56.69,60.3 2 1
github.com/apache/incubator-uniffle/deploy/kubernetes/operator/pkg/webhook/inspector/rss.go:63.111,65.3 1 1
github.com/apache/incubator-uniffle/deploy/kubernetes/operator/pkg/webhook/inspector/rss.go:69.35,69.35 0 0
github.com/apache/incubator-uniffle/deploy/kubernetes/operator/pkg/webhook/inspector/rss.go:70.40,72.39 2 1
github.com/apache/incubator-uniffle/deploy/kubernetes/operator/pkg/webhook/inspector/rss.go:78.3,78.17 1 1
github.com/apache/incubator-uniffle/deploy/kubernetes/operator/pkg/webhook/inspector/rss.go:81.39,82.46 1 1
github.com/apache/incubator-uniffle/deploy/kubernetes/operator/pkg/webhook/inspector/rss.go:86.35,86.35 0 0
github.com/apache/incubator-uniffle/deploy/kubernetes/operator/pkg/webhook/inspector/rss.go:87.10,89.75 1 1
github.com/apache/incubator-uniffle/deploy/kubernetes/operator/pkg/webhook/inspector/rss.go:72.39,74.4 1 1
github.com/apache/incubator-uniffle/deploy/kubernetes/operator/pkg/webhook/inspector/rss.go:74.9,74.45 1 1
github.com/apache/incubator-uniffle/deploy/kubernetes/operator/pkg/webhook/inspector/rss.go:74.45,77.4 1 1
github.com/apache/incubator-uniffle/deploy/kubernetes/operator/pkg/webhook/inspector/rss.go:78.17,80.4 1 1
github.com/apache/incubator-uniffle/deploy/kubernetes/operator/pkg/webhook/inspector/rss.go:82.46,85.4 1 1
github.com/apache/incubator-uniffle/deploy/kubernetes/operator/pkg/webhook/inspector/rss.go:95.93,97.67 2 0
github.com/apache/incubator-uniffle/deploy/kubernetes/operator/pkg/webhook/inspector/rss.go:102.2,103.16 2 0
github.com/apache/incubator-uniffle/deploy/kubernetes/operator/pkg/webhook/inspector/rss.go:108.2,108.22 1 0
github.com/apache/incubator-uniffle/deploy/kubernetes/operator/pkg/webhook/inspector/rss.go:111.2,111.38 1 0
github.com/apache/incubator-uniffle/deploy/kubernetes/operator/pkg/webhook/inspector/rss.go:97.67,101.3 2 0
github.com/apache/incubator-uniffle/deploy/kubernetes/operator/pkg/webhook/inspector/rss.go:103.16,106.3 2 0
github.com/apache/incubator-uniffle/deploy/kubernetes/operator/pkg/webhook/inspector/rss.go:108.22,110.3 1 0
github.com/apache/incubator-uniffle/deploy/kubernetes/operator/pkg/webhook/inspector/rss.go:116.61,118.48 1 0
github.com/apache/incubator-uniffle/deploy/kubernetes/operator/pkg/webhook/inspector/rss.go:123.2,125.16 3 0
github.com/apache/incubator-uniffle/deploy/kubernetes/operator/pkg/webhook/inspector/rss.go:129.2,132.16 3 0
github.com/apache/incubator-uniffle/deploy/kubernetes/operator/pkg/webhook/inspector/rss.go:136.2,138.16 3 0
github.com/apache/incubator-uniffle/deploy/kubernetes/operator/pkg/webhook/inspector/rss.go:143.2,144.23 2 0
github.com/apache/incubator-uniffle/deploy/kubernetes/operator/pkg/webhook/inspector/rss.go:118.48,121.3 2 0
github.com/apache/incubator-uniffle/deploy/kubernetes/operator/pkg/webhook/inspector/rss.go:125.16,128.3 2 0
github.com/apache/incubator-uniffle/deploy/kubernetes/operator/pkg/webhook/inspector/rss.go:132.16,135.3 2 0
github.com/apache/incubator-uniffle/deploy/kubernetes/operator/pkg/webhook/inspector/rss.go:138.16,142.3 2 0
github.com/apache/incubator-uniffle/deploy/kubernetes/operator/pkg/webhook/inspector/rss.go:148.80,150.60 1 1
github.com/apache/incubator-uniffle/deploy/kubernetes/operator/pkg/webhook/inspector/rss.go:154.2,154.48 1 1
github.com/apache/incubator-uniffle/deploy/kubernetes/operator/pkg/webhook/inspector/rss.go:158.2,159.93 2 1
github.com/apache/incubator-uniffle/deploy/kubernetes/operator/pkg/webhook/inspector/rss.go:162.2,162.12 1 1
github.com/apache/incubator-uniffle/deploy/kubernetes/operator/pkg/webhook/inspector/rss.go:150.60,153.3 1 1
github.com/apache/incubator-uniffle/deploy/kubernetes/operator/pkg/webhook/inspector/rss.go:154.48,156.3 1 1
github.com/apache/incubator-uniffle/deploy/kubernetes/operator/pkg/webhook/inspector/rss.go:159.93,161.3 1 1
github.com/apache/incubator-uniffle/deploy/kubernetes/operator/pkg/webhook/manager.go:56.63,58.2 1 0
github.com/apache/incubator-uniffle/deploy/kubernetes/operator/pkg/webhook/manager.go:61.64,66.36 2 1
github.com/apache/incubator-uniffle/deploy/kubernetes/operator/pkg/webhook/manager.go:72.2,77.16 2 1
github.com/apache/incubator-uniffle/deploy/kubernetes/operator/pkg/webhook/manager.go:80.2,83.11 4 1
github.com/apache/incubator-uniffle/deploy/kubernetes/operator/pkg/webhook/manager.go:66.36,69.3 2 0
github.com/apache/incubator-uniffle/deploy/kubernetes/operator/pkg/webhook/manager.go:69.8,71.3 1 1
github.com/apache/incubator-uniffle/deploy/kubernetes/operator/pkg/webhook/manager.go:77.16,79.3 1 0
github.com/apache/incubator-uniffle/deploy/kubernetes/operator/pkg/webhook/manager.go:100.62,102.46 2 1
github.com/apache/incubator-uniffle/deploy/kubernetes/operator/pkg/webhook/manager.go:106.2,106.12 1 1
github.com/apache/incubator-uniffle/deploy/kubernetes/operator/pkg/webhook/manager.go:111.2,111.12 1 1
github.com/apache/incubator-uniffle/deploy/kubernetes/operator/pkg/webhook/manager.go:116.2,118.12 3 1
github.com/apache/incubator-uniffle/deploy/kubernetes/operator/pkg/webhook/manager.go:102.46,105.3 2 0
github.com/apache/incubator-uniffle/deploy/kubernetes/operator/pkg/webhook/manager.go:106.12,107.43 1 1
github.com/apache/incubator-uniffle/deploy/kubernetes/operator/pkg/webhook/manager.go:107.43,109.4 1 0
github.com/apache/incubator-uniffle/deploy/kubernetes/operator/pkg/webhook/manager.go:111.12,112.49 1 1
github.com/apache/incubator-uniffle/deploy/kubernetes/operator/pkg/webhook/manager.go:112.49,114.4 1 0
github.com/apache/incubator-uniffle/deploy/kubernetes/operator/pkg/webhook/manager.go:125.13,128.16 3 1
github.com/apache/incubator-uniffle/deploy/kubernetes/operator/pkg/webhook/manager.go:132.2,133.16 2 1
github.com/apache/incubator-uniffle/deploy/kubernetes/operator/pkg/webhook/manager.go:137.2,142.16 4 1
github.com/apache/incubator-uniffle/deploy/kubernetes/operator/pkg/webhook/manager.go:146.2,146.12 1 1
github.com/apache/incubator-uniffle/deploy/kubernetes/operator/pkg/webhook/manager.go:177.2,177.64 1 1
github.com/apache/incubator-uniffle/deploy/kubernetes/operator/pkg/webhook/manager.go:128.16,131.3 2 0
github.com/apache/incubator-uniffle/deploy/kubernetes/operator/pkg/webhook/manager.go:133.16,136.3 2 0
github.com/apache/incubator-uniffle/deploy/kubernetes/operator/pkg/webhook/manager.go:142.16,145.3 2 0
github.com/apache/incubator-uniffle/deploy/kubernetes/operator/pkg/webhook/manager.go:146.12,160.17 2 1
github.com/apache/incubator-uniffle/deploy/kubernetes/operator/pkg/webhook/manager.go:160.17,163.4 2 0
github.com/apache/incubator-uniffle/deploy/kubernetes/operator/pkg/webhook/manager.go:164.8,167.32 1 0
github.com/apache/incubator-uniffle/deploy/kubernetes/operator/pkg/webhook/manager.go:167.32,173.5 1 0
github.com/apache/incubator-uniffle/deploy/kubernetes/operator/pkg/webhook/manager.go:173.19,175.4 1 0
github.com/apache/incubator-uniffle/deploy/kubernetes/operator/pkg/webhook/manager.go:181.51,186.16 4 1
github.com/apache/incubator-uniffle/deploy/kubernetes/operator/pkg/webhook/manager.go:192.2,194.33 2 1
github.com/apache/incubator-uniffle/deploy/kubernetes/operator/pkg/webhook/manager.go:204.2,206.16 3 1
github.com/apache/incubator-uniffle/deploy/kubernetes/operator/pkg/webhook/manager.go:209.2,211.3 1 1
github.com/apache/incubator-uniffle/deploy/kubernetes/operator/pkg/webhook/manager.go:186.16,187.30 1 1
github.com/apache/incubator-uniffle/deploy/kubernetes/operator/pkg/webhook/manager.go:190.3,190.16 1 1
github.com/apache/incubator-uniffle/deploy/kubernetes/operator/pkg/webhook/manager.go:187.30,189.4 1 0
github.com/apache/incubator-uniffle/deploy/kubernetes/operator/pkg/webhook/manager.go:194.33,196.17 2 1
github.com/apache/incubator-uniffle/deploy/kubernetes/operator/pkg/webhook/manager.go:196.17,198.4 1 0
github.com/apache/incubator-uniffle/deploy/kubernetes/operator/pkg/webhook/manager.go:199.8,203.3 3 0
github.com/apache/incubator-uniffle/deploy/kubernetes/operator/pkg/webhook/manager.go:206.16,208.3 1 0
github.com/apache/incubator-uniffle/deploy/kubernetes/operator/pkg/webhook/manager.go:215.70,222.2 1 1
github.com/apache/incubator-uniffle/deploy/kubernetes/operator/pkg/controller/controller/rss.go:74.57,76.2 1 0
github.com/apache/incubator-uniffle/deploy/kubernetes/operator/pkg/controller/controller/rss.go:79.58,109.95 10 1
github.com/apache/incubator-uniffle/deploy/kubernetes/operator/pkg/controller/controller/rss.go:112.2,118.11 5 1
github.com/apache/incubator-uniffle/deploy/kubernetes/operator/pkg/controller/controller/rss.go:109.95,111.3 1 0
github.com/apache/incubator-uniffle/deploy/kubernetes/operator/pkg/controller/controller/rss.go:144.58,150.52 5 1
github.com/apache/incubator-uniffle/deploy/kubernetes/operator/pkg/controller/controller/rss.go:153.2,154.33 2 1
github.com/apache/incubator-uniffle/deploy/kubernetes/operator/pkg/controller/controller/rss.go:157.2,157.33 1 1
github.com/apache/incubator-uniffle/deploy/kubernetes/operator/pkg/controller/controller/rss.go:160.2,161.12 2 1
github.com/apache/incubator-uniffle/deploy/kubernetes/operator/pkg/controller/controller/rss.go:150.52,152.3 1 0
github.com/apache/incubator-uniffle/deploy/kubernetes/operator/pkg/controller/controller/rss.go:154.33,156.3 1 1
github.com/apache/incubator-uniffle/deploy/kubernetes/operator/pkg/controller/controller/rss.go:157.33,159.3 1 1
github.com/apache/incubator-uniffle/deploy/kubernetes/operator/pkg/controller/controller/rss.go:165.40,166.29 1 1
github.com/apache/incubator-uniffle/deploy/kubernetes/operator/pkg/controller/controller/rss.go:166.30,167.3 0 1
github.com/apache/incubator-uniffle/deploy/kubernetes/operator/pkg/controller/controller/rss.go:171.51,173.10 2 1
github.com/apache/incubator-uniffle/deploy/kubernetes/operator/pkg/controller/controller/rss.go:176.2,179.16 3 1
github.com/apache/incubator-uniffle/deploy/kubernetes/operator/pkg/controller/controller/rss.go:184.2,186.16 3 1
github.com/apache/incubator-uniffle/deploy/kubernetes/operator/pkg/controller/controller/rss.go:195.2,195.13 1 1
github.com/apache/incubator-uniffle/deploy/kubernetes/operator/pkg/controller/controller/rss.go:173.10,175.3 1 0
github.com/apache/incubator-uniffle/deploy/kubernetes/operator/pkg/controller/controller/rss.go:179.16,182.3 2 0
github.com/apache/incubator-uniffle/deploy/kubernetes/operator/pkg/controller/controller/rss.go:186.16,189.3 2 0
github.com/apache/incubator-uniffle/deploy/kubernetes/operator/pkg/controller/controller/rss.go:189.8,189.26 1 1
github.com/apache/incubator-uniffle/deploy/kubernetes/operator/pkg/controller/controller/rss.go:189.26,192.3 2 1
github.com/apache/incubator-uniffle/deploy/kubernetes/operator/pkg/controller/controller/rss.go:192.8,194.3 1 1
github.com/apache/incubator-uniffle/deploy/kubernetes/operator/pkg/controller/controller/rss.go:199.50,200.39 1 1
github.com/apache/incubator-uniffle/deploy/kubernetes/operator/pkg/controller/controller/rss.go:200.40,201.3 0 0
github.com/apache/incubator-uniffle/deploy/kubernetes/operator/pkg/controller/controller/rss.go:206.61,208.10 2 1
github.com/apache/incubator-uniffle/deploy/kubernetes/operator/pkg/controller/controller/rss.go:211.2,214.16 3 0
github.com/apache/incubator-uniffle/deploy/kubernetes/operator/pkg/controller/controller/rss.go:219.2,221.13 3 0
github.com/apache/incubator-uniffle/deploy/kubernetes/operator/pkg/controller/controller/rss.go:208.10,210.3 1 0
github.com/apache/incubator-uniffle/deploy/kubernetes/operator/pkg/controller/controller/rss.go:214.16,217.3 2 0
github.com/apache/incubator-uniffle/deploy/kubernetes/operator/pkg/controller/controller/rss.go:225.64,229.16 4 0
github.com/apache/incubator-uniffle/deploy/kubernetes/operator/pkg/controller/controller/rss.go:237.2,237.54 1 0
github.com/apache/incubator-uniffle/deploy/kubernetes/operator/pkg/controller/controller/rss.go:229.16,231.33 2 0
github.com/apache/incubator-uniffle/deploy/kubernetes/operator/pkg/controller/controller/rss.go:234.3,234.13 1 0
github.com/apache/incubator-uniffle/deploy/kubernetes/operator/pkg/controller/controller/rss.go:231.33,233.4 1 0
github.com/apache/incubator-uniffle/deploy/kubernetes/operator/pkg/controller/controller/rss.go:242.33,244.39 2 1
github.com/apache/incubator-uniffle/deploy/kubernetes/operator/pkg/controller/controller/rss.go:250.2,255.16 5 1
github.com/apache/incubator-uniffle/deploy/kubernetes/operator/pkg/controller/controller/rss.go:262.2,266.45 4 1
github.com/apache/incubator-uniffle/deploy/kubernetes/operator/pkg/controller/controller/rss.go:278.2,278.66 1 1
github.com/apache/incubator-uniffle/deploy/kubernetes/operator/pkg/controller/controller/rss.go:283.2,283.12 1 1
github.com/apache/incubator-uniffle/deploy/kubernetes/operator/pkg/controller/controller/rss.go:244.39,248.3 2 0
github.com/apache/incubator-uniffle/deploy/kubernetes/operator/pkg/controller/controller/rss.go:255.16,259.3 2 0
github.com/apache/incubator-uniffle/deploy/kubernetes/operator/pkg/controller/controller/rss.go:266.45,271.77 3 1
github.com/apache/incubator-uniffle/deploy/kubernetes/operator/pkg/controller/controller/rss.go:271.77,275.4 2 0
github.com/apache/incubator-uniffle/deploy/kubernetes/operator/pkg/controller/controller/rss.go:278.66,282.3 2 0
github.com/apache/incubator-uniffle/deploy/kubernetes/operator/pkg/controller/controller/rss.go:286.92,288.16 2 0
github.com/apache/incubator-uniffle/deploy/kubernetes/operator/pkg/controller/controller/rss.go:293.2,296.76 3 0
github.com/apache/incubator-uniffle/deploy/kubernetes/operator/pkg/controller/controller/rss.go:301.2,301.12 1 0
github.com/apache/incubator-uniffle/deploy/kubernetes/operator/pkg/controller/controller/rss.go:288.16,292.3 2 0
github.com/apache/incubator-uniffle/deploy/kubernetes/operator/pkg/controller/controller/rss.go:296.76,300.3 2 0
github.com/apache/incubator-uniffle/deploy/kubernetes/operator/pkg/controller/controller/rss.go:306.28,310.16 4 1
github.com/apache/incubator-uniffle/deploy/kubernetes/operator/pkg/controller/controller/rss.go:314.2,314.16 1 1
github.com/apache/incubator-uniffle/deploy/kubernetes/operator/pkg/controller/controller/rss.go:310.16,313.3 2 0
github.com/apache/incubator-uniffle/deploy/kubernetes/operator/pkg/controller/controller/rss.go:319.20,320.108 1 1
github.com/apache/incubator-uniffle/deploy/kubernetes/operator/pkg/controller/controller/rss.go:323.2,325.42 3 1
github.com/apache/incubator-uniffle/deploy/kubernetes/operator/pkg/controller/controller/rss.go:320.108,322.3 1 0
github.com/apache/incubator-uniffle/deploy/kubernetes/operator/pkg/controller/controller/rss.go:329.74,332.15 3 1
github.com/apache/incubator-uniffle/deploy/kubernetes/operator/pkg/controller/controller/rss.go:337.2,338.16 2 1
github.com/apache/incubator-uniffle/deploy/kubernetes/operator/pkg/controller/controller/rss.go:347.2,347.34 1 1
github.com/apache/incubator-uniffle/deploy/kubernetes/operator/pkg/controller/controller/rss.go:350.2,350.29 1 1
github.com/apache/incubator-uniffle/deploy/kubernetes/operator/pkg/controller/controller/rss.go:332.15,335.3 1 1
github.com/apache/incubator-uniffle/deploy/kubernetes/operator/pkg/controller/controller/rss.go:338.16,339.32 1 0
github.com/apache/incubator-uniffle/deploy/kubernetes/operator/pkg/controller/controller/rss.go:343.3,344.20 2 0
github.com/apache/incubator-uniffle/deploy/kubernetes/operator/pkg/controller/controller/rss.go:339.32,342.4 2 0
github.com/apache/incubator-uniffle/deploy/kubernetes/operator/pkg/controller/controller/rss.go:347.34,349.3 1 0
github.com/apache/incubator-uniffle/deploy/kubernetes/operator/pkg/controller/controller/rss.go:354.98,357.102 2 0
github.com/apache/incubator-uniffle/deploy/kubernetes/operator/pkg/controller/controller/rss.go:367.2,367.19 1 0
github.com/apache/incubator-uniffle/deploy/kubernetes/operator/pkg/controller/controller/rss.go:357.102,361.3 1 0
github.com/apache/incubator-uniffle/deploy/kubernetes/operator/pkg/controller/controller/rss.go:361.8,361.63 1 0
github.com/apache/incubator-uniffle/deploy/kubernetes/operator/pkg/controller/controller/rss.go:361.63,362.55 1 0
github.com/apache/incubator-uniffle/deploy/kubernetes/operator/pkg/controller/controller/rss.go:365.3,365.39 1 0
github.com/apache/incubator-uniffle/deploy/kubernetes/operator/pkg/controller/controller/rss.go:362.55,364.4 1 0
github.com/apache/incubator-uniffle/deploy/kubernetes/operator/pkg/controller/controller/rss.go:370.95,372.16 2 0
github.com/apache/incubator-uniffle/deploy/kubernetes/operator/pkg/controller/controller/rss.go:376.2,377.27 2 0
github.com/apache/incubator-uniffle/deploy/kubernetes/operator/pkg/controller/controller/rss.go:383.2,383.27 1 0
github.com/apache/incubator-uniffle/deploy/kubernetes/operator/pkg/controller/controller/rss.go:372.16,375.3 2 0
github.com/apache/incubator-uniffle/deploy/kubernetes/operator/pkg/controller/controller/rss.go:377.27,379.41 2 0
github.com/apache/incubator-uniffle/deploy/kubernetes/operator/pkg/controller/controller/rss.go:379.41,381.4 1 0
github.com/apache/incubator-uniffle/deploy/kubernetes/operator/pkg/controller/controller/rss.go:387.15,391.16 4 0
github.com/apache/incubator-uniffle/deploy/kubernetes/operator/pkg/controller/controller/rss.go:400.2,400.29 1 0
github.com/apache/incubator-uniffle/deploy/kubernetes/operator/pkg/controller/controller/rss.go:403.2,406.18 4 0
github.com/apache/incubator-uniffle/deploy/kubernetes/operator/pkg/controller/controller/rss.go:391.16,392.32 1 0
github.com/apache/incubator-uniffle/deploy/kubernetes/operator/pkg/controller/controller/rss.go:396.3,398.20 2 0
github.com/apache/incubator-uniffle/deploy/kubernetes/operator/pkg/controller/controller/rss.go:392.32,395.4 2 0
github.com/apache/incubator-uniffle/deploy/kubernetes/operator/pkg/controller/controller/rss.go:400.29,402.3 1 0
github.com/apache/incubator-uniffle/deploy/kubernetes/operator/pkg/controller/controller/rss.go:410.96,412.26 2 1
github.com/apache/incubator-uniffle/deploy/kubernetes/operator/pkg/controller/controller/rss.go:425.2,425.19 1 0
github.com/apache/incubator-uniffle/deploy/kubernetes/operator/pkg/controller/controller/rss.go:413.34,414.41 1 1
github.com/apache/incubator-uniffle/deploy/kubernetes/operator/pkg/controller/controller/rss.go:415.34,416.41 1 1
github.com/apache/incubator-uniffle/deploy/kubernetes/operator/pkg/controller/controller/rss.go:417.36,418.36 1 1
github.com/apache/incubator-uniffle/deploy/kubernetes/operator/pkg/controller/controller/rss.go:419.33,420.90 1 0
github.com/apache/incubator-uniffle/deploy/kubernetes/operator/pkg/controller/controller/rss.go:421.10,423.83 1 1
github.com/apache/incubator-uniffle/deploy/kubernetes/operator/pkg/controller/controller/rss.go:429.92,430.43 1 1
github.com/apache/incubator-uniffle/deploy/kubernetes/operator/pkg/controller/controller/rss.go:434.2,435.82 1 1
github.com/apache/incubator-uniffle/deploy/kubernetes/operator/pkg/controller/controller/rss.go:430.43,433.3 2 0
github.com/apache/incubator-uniffle/deploy/kubernetes/operator/pkg/controller/controller/rss.go:439.92,440.43 1 1
github.com/apache/incubator-uniffle/deploy/kubernetes/operator/pkg/controller/controller/rss.go:444.2,444.34 1 1
github.com/apache/incubator-uniffle/deploy/kubernetes/operator/pkg/controller/controller/rss.go:447.2,447.12 1 1
github.com/apache/incubator-uniffle/deploy/kubernetes/operator/pkg/controller/controller/rss.go:440.43,443.3 2 0
github.com/apache/incubator-uniffle/deploy/kubernetes/operator/pkg/controller/controller/rss.go:444.34,446.3 1 1
github.com/apache/incubator-uniffle/deploy/kubernetes/operator/pkg/controller/controller/rss.go:451.86,452.45 1 1
github.com/apache/incubator-uniffle/deploy/kubernetes/operator/pkg/controller/controller/rss.go:456.2,456.47 1 1
github.com/apache/incubator-uniffle/deploy/kubernetes/operator/pkg/controller/controller/rss.go:460.2,460.49 1 1
github.com/apache/incubator-uniffle/deploy/kubernetes/operator/pkg/controller/controller/rss.go:464.2,464.12 1 1
github.com/apache/incubator-uniffle/deploy/kubernetes/operator/pkg/controller/controller/rss.go:452.45,455.3 2 0
github.com/apache/incubator-uniffle/deploy/kubernetes/operator/pkg/controller/controller/rss.go:456.47,459.3 2 0
github.com/apache/incubator-uniffle/deploy/kubernetes/operator/pkg/controller/controller/rss.go:460.49,463.3 2 0
github.com/apache/incubator-uniffle/deploy/kubernetes/operator/pkg/controller/controller/rss.go:467.88,470.16 2 1
github.com/apache/incubator-uniffle/deploy/kubernetes/operator/pkg/controller/controller/rss.go:474.2,474.78 1 1
github.com/apache/incubator-uniffle/deploy/kubernetes/operator/pkg/controller/controller/rss.go:477.2,477.59 1 1
github.com/apache/incubator-uniffle/deploy/kubernetes/operator/pkg/controller/controller/rss.go:480.2,480.61 1 1
github.com/apache/incubator-uniffle/deploy/kubernetes/operator/pkg/controller/controller/rss.go:483.2,483.57 1 1
github.com/apache/incubator-uniffle/deploy/kubernetes/operator/pkg/controller/controller/rss.go:487.2,491.22 3 1
github.com/apache/incubator-uniffle/deploy/kubernetes/operator/pkg/controller/controller/rss.go:494.2,496.72 2 1
github.com/apache/incubator-uniffle/deploy/kubernetes/operator/pkg/controller/controller/rss.go:500.2,500.12 1 1
github.com/apache/incubator-uniffle/deploy/kubernetes/operator/pkg/controller/controller/rss.go:470.16,473.3 2 0
github.com/apache/incubator-uniffle/deploy/kubernetes/operator/pkg/controller/controller/rss.go:474.78,476.3 1 0
github.com/apache/incubator-uniffle/deploy/kubernetes/operator/pkg/controller/controller/rss.go:477.59,479.3 1 0
github.com/apache/incubator-uniffle/deploy/kubernetes/operator/pkg/controller/controller/rss.go:480.61,482.3 1 0
github.com/apache/incubator-uniffle/deploy/kubernetes/operator/pkg/controller/controller/rss.go:483.57,485.3 1 0
github.com/apache/incubator-uniffle/deploy/kubernetes/operator/pkg/controller/controller/rss.go:491.22,493.3 1 1
github.com/apache/incubator-uniffle/deploy/kubernetes/operator/pkg/controller/controller/rss.go:496.72,499.3 1 0
github.com/apache/incubator-uniffle/deploy/kubernetes/operator/pkg/controller/controller/rss.go:504.102,505.53 1 1
github.com/apache/incubator-uniffle/deploy/kubernetes/operator/pkg/controller/controller/rss.go:515.2,515.19 1 0
github.com/apache/incubator-uniffle/deploy/kubernetes/operator/pkg/controller/controller/rss.go:506.35,507.35 1 1
github.com/apache/incubator-uniffle/deploy/kubernetes/operator/pkg/controller/controller/rss.go:508.40,509.40 1 0
github.com/apache/incubator-uniffle/deploy/kubernetes/operator/pkg/controller/controller/rss.go:510.39,511.39 1 0
github.com/apache/incubator-uniffle/deploy/kubernetes/operator/pkg/controller/controller/rss.go:512.35,513.35 1 0
github.com/apache/incubator-uniffle/deploy/kubernetes/operator/pkg/controller/controller/rss.go:519.101,521.2 1 1
github.com/apache/incubator-uniffle/deploy/kubernetes/operator/pkg/controller/controller/rss.go:525.59,527.2 1 0
github.com/apache/incubator-uniffle/deploy/kubernetes/operator/pkg/controller/controller/rss.go:531.15,532.51 1 0
github.com/apache/incubator-uniffle/deploy/kubernetes/operator/pkg/controller/controller/rss.go:538.2,539.45 2 0
github.com/apache/incubator-uniffle/deploy/kubernetes/operator/pkg/controller/controller/rss.go:532.51,536.3 2 0
github.com/apache/incubator-uniffle/deploy/kubernetes/operator/pkg/controller/controller/rss.go:545.15,546.27 1 0
github.com/apache/incubator-uniffle/deploy/kubernetes/operator/pkg/controller/controller/rss.go:555.2,556.18 2 0
github.com/apache/incubator-uniffle/deploy/kubernetes/operator/pkg/controller/controller/rss.go:546.27,547.50 1 0
github.com/apache/incubator-uniffle/deploy/kubernetes/operator/pkg/controller/controller/rss.go:552.3,553.83 1 0
github.com/apache/incubator-uniffle/deploy/kubernetes/operator/pkg/controller/controller/rss.go:547.50,551.4 2 0
github.com/apache/incubator-uniffle/deploy/kubernetes/operator/pkg/controller/controller/rss.go:560.107,563.29 3 0
github.com/apache/incubator-uniffle/deploy/kubernetes/operator/pkg/controller/controller/rss.go:574.2,574.11 1 0
github.com/apache/incubator-uniffle/deploy/kubernetes/operator/pkg/controller/controller/rss.go:563.29,564.27 1 0
github.com/apache/incubator-uniffle/deploy/kubernetes/operator/pkg/controller/controller/rss.go:564.27,568.50 3 0
github.com/apache/incubator-uniffle/deploy/kubernetes/operator/pkg/controller/controller/rss.go:568.50,571.5 1 0
github.com/apache/incubator-uniffle/deploy/kubernetes/operator/pkg/controller/controller/rss.go:579.15,581.16 2 0
github.com/apache/incubator-uniffle/deploy/kubernetes/operator/pkg/controller/controller/rss.go:585.2,585.45 1 0
github.com/apache/incubator-uniffle/deploy/kubernetes/operator/pkg/controller/controller/rss.go:581.16,584.3 2 0
github.com/apache/incubator-uniffle/deploy/kubernetes/operator/pkg/controller/controller/rss.go:589.90,590.33 1 1
github.com/apache/incubator-uniffle/deploy/kubernetes/operator/pkg/controller/controller/rss.go:593.2,594.82 2 1
github.com/apache/incubator-uniffle/deploy/kubernetes/operator/pkg/controller/controller/rss.go:599.2,599.72 1 1
github.com/apache/incubator-uniffle/deploy/kubernetes/operator/pkg/controller/controller/rss.go:604.2,604.70 1 1
github.com/apache/incubator-uniffle/deploy/kubernetes/operator/pkg/controller/controller/rss.go:608.2,608.76 1 1
github.com/apache/incubator-uniffle/deploy/kubernetes/operator/pkg/controller/controller/rss.go:612.2,612.12 1 1
github.com/apache/incubator-uniffle/deploy/kubernetes/operator/pkg/controller/controller/rss.go:590.33,592.3 1 0
github.com/apache/incubator-uniffle/deploy/kubernetes/operator/pkg/controller/controller/rss.go:594.82,598.3 2 0
github.com/apache/incubator-uniffle/deploy/kubernetes/operator/pkg/controller/controller/rss.go:599.72,603.3 2 0
github.com/apache/incubator-uniffle/deploy/kubernetes/operator/pkg/controller/controller/rss.go:604.70,607.3 2 0
github.com/apache/incubator-uniffle/deploy/kubernetes/operator/pkg/controller/controller/rss.go:608.76,611.3 2 0
github.com/apache/incubator-uniffle/deploy/kubernetes/operator/pkg/controller/controller/rss.go:616.92,617.85 1 1
github.com/apache/incubator-uniffle/deploy/kubernetes/operator/pkg/controller/controller/rss.go:620.2,621.82 2 1
github.com/apache/incubator-uniffle/deploy/kubernetes/operator/pkg/controller/controller/rss.go:626.2,626.70 1 1
github.com/apache/incubator-uniffle/deploy/kubernetes/operator/pkg/controller/controller/rss.go:630.2,630.88 1 1
github.com/apache/incubator-uniffle/deploy/kubernetes/operator/pkg/controller/controller/rss.go:634.2,634.12 1 1
github.com/apache/incubator-uniffle/deploy/kubernetes/operator/pkg/controller/controller/rss.go:617.85,619.3 1 1
github.com/apache/incubator-uniffle/deploy/kubernetes/operator/pkg/controller/controller/rss.go:621.82,625.3 2 0
github.com/apache/incubator-uniffle/deploy/kubernetes/operator/pkg/controller/controller/rss.go:626.70,629.3 2 0
github.com/apache/incubator-uniffle/deploy/kubernetes/operator/pkg/controller/controller/rss.go:630.88,633.3 2 0
github.com/apache/incubator-uniffle/deploy/kubernetes/operator/pkg/controller/controller/rss.go:638.94,640.16 2 1
github.com/apache/incubator-uniffle/deploy/kubernetes/operator/pkg/controller/controller/rss.go:644.2,646.16 2 1
github.com/apache/incubator-uniffle/deploy/kubernetes/operator/pkg/controller/controller/rss.go:650.2,650.12 1 1
github.com/apache/incubator-uniffle/deploy/kubernetes/operator/pkg/controller/controller/rss.go:640.16,643.3 2 0
github.com/apache/incubator-uniffle/deploy/kubernetes/operator/pkg/controller/controller/rss.go:646.16,649.3 1 0
github.com/apache/incubator-uniffle/deploy/kubernetes/operator/pkg/controller/controller/rss.go:655.48,660.16 4 1
github.com/apache/incubator-uniffle/deploy/kubernetes/operator/pkg/controller/controller/rss.go:665.2,665.21 1 1
github.com/apache/incubator-uniffle/deploy/kubernetes/operator/pkg/controller/controller/rss.go:660.16,664.3 2 0
github.com/apache/incubator-uniffle/deploy/kubernetes/operator/pkg/controller/controller/rss.go:670.60,675.16 4 1
github.com/apache/incubator-uniffle/deploy/kubernetes/operator/pkg/controller/controller/rss.go:678.2,679.32 2 0
github.com/apache/incubator-uniffle/deploy/kubernetes/operator/pkg/controller/controller/rss.go:682.2,682.64 1 0
github.com/apache/incubator-uniffle/deploy/kubernetes/operator/pkg/controller/controller/rss.go:675.16,677.3 1 1
github.com/apache/incubator-uniffle/deploy/kubernetes/operator/pkg/controller/controller/rss.go:679.32,681.3 1 0
github.com/apache/incubator-uniffle/deploy/kubernetes/operator/pkg/controller/controller/rss.go:682.64,685.20 2 0
github.com/apache/incubator-uniffle/deploy/kubernetes/operator/pkg/controller/controller/rss.go:689.3,692.23 3 0
github.com/apache/incubator-uniffle/deploy/kubernetes/operator/pkg/controller/controller/rss.go:696.3,696.19 1 0
github.com/apache/incubator-uniffle/deploy/kubernetes/operator/pkg/controller/controller/rss.go:685.20,688.4 2 0
github.com/apache/incubator-uniffle/deploy/kubernetes/operator/pkg/controller/controller/rss.go:692.23,695.4 1 0
github.com/apache/incubator-uniffle/deploy/kubernetes/operator/pkg/controller/controller/rss.go:701.49,703.2 1 1
github.com/apache/incubator-uniffle/deploy/kubernetes/operator/pkg/controller/controller/rss.go:706.58,708.2 1 1
github.com/apache/incubator-uniffle/deploy/kubernetes/operator/pkg/controller/controller/rss.go:711.62,713.2 1 0
github.com/apache/incubator-uniffle/deploy/kubernetes/operator/pkg/controller/controller/rss.go:716.53,718.9 2 1
github.com/apache/incubator-uniffle/deploy/kubernetes/operator/pkg/controller/controller/rss.go:723.2,724.16 2 1
github.com/apache/incubator-uniffle/deploy/kubernetes/operator/pkg/controller/controller/rss.go:728.2,728.21 1 1
github.com/apache/incubator-uniffle/deploy/kubernetes/operator/pkg/controller/controller/rss.go:718.9,721.3 2 0
github.com/apache/incubator-uniffle/deploy/kubernetes/operator/pkg/controller/controller/rss.go:724.16,727.3 2 0
github.com/apache/incubator-uniffle/deploy/kubernetes/operator/pkg/controller/controller/rss.go:732.63,734.25 2 0
github.com/apache/incubator-uniffle/deploy/kubernetes/operator/pkg/controller/controller/rss.go:742.2,742.16 1 0
github.com/apache/incubator-uniffle/deploy/kubernetes/operator/pkg/controller/controller/rss.go:746.2,747.23 2 0
github.com/apache/incubator-uniffle/deploy/kubernetes/operator/pkg/controller/controller/rss.go:735.19,736.10 1 0
github.com/apache/incubator-uniffle/deploy/kubernetes/operator/pkg/controller/controller/rss.go:737.38,738.39 1 0
github.com/apache/incubator-uniffle/deploy/kubernetes/operator/pkg/controller/controller/rss.go:738.39,740.4 1 0
github.com/apache/incubator-uniffle/deploy/kubernetes/operator/pkg/controller/controller/rss.go:742.16,745.3 2 0
github.com/apache/incubator-uniffle/deploy/kubernetes/operator/pkg/controller/controller/rss.go:747.23,750.3 2 0
github.com/apache/incubator-uniffle/deploy/kubernetes/operator/pkg/controller/controller/rss.go:754.90,757.31 3 0
github.com/apache/incubator-uniffle/deploy/kubernetes/operator/pkg/controller/controller/rss.go:763.2,766.16 3 0
github.com/apache/incubator-uniffle/deploy/kubernetes/operator/pkg/controller/controller/rss.go:770.2,771.12 2 0
github.com/apache/incubator-uniffle/deploy/kubernetes/operator/pkg/controller/controller/rss.go:757.31,758.38 1 0
github.com/apache/incubator-uniffle/deploy/kubernetes/operator/pkg/controller/controller/rss.go:761.3,761.37 1 0
github.com/apache/incubator-uniffle/deploy/kubernetes/operator/pkg/controller/controller/rss.go:758.38,759.12 1 0
github.com/apache/incubator-uniffle/deploy/kubernetes/operator/pkg/controller/controller/rss.go:766.16,769.3 2 0
github.com/apache/incubator-uniffle/deploy/kubernetes/operator/pkg/controller/controller/rss.go:776.36,778.16 2 1
github.com/apache/incubator-uniffle/deploy/kubernetes/operator/pkg/controller/controller/rss.go:783.2,783.14 1 1
github.com/apache/incubator-uniffle/deploy/kubernetes/operator/pkg/controller/controller/rss.go:793.2,793.56 1 1
github.com/apache/incubator-uniffle/deploy/kubernetes/operator/pkg/controller/controller/rss.go:778.16,782.3 2 0
github.com/apache/incubator-uniffle/deploy/kubernetes/operator/pkg/controller/controller/rss.go:783.14,784.49 1 0
github.com/apache/incubator-uniffle/deploy/kubernetes/operator/pkg/controller/controller/rss.go:789.3,790.83 1 0
github.com/apache/incubator-uniffle/deploy/kubernetes/operator/pkg/controller/controller/rss.go:784.49,788.4 2 0
github.com/apache/incubator-uniffle/deploy/kubernetes/operator/pkg/controller/controller/rss.go:798.57,801.16 3 1
github.com/apache/incubator-uniffle/deploy/kubernetes/operator/pkg/controller/controller/rss.go:805.2,805.67 1 1
github.com/apache/incubator-uniffle/deploy/kubernetes/operator/pkg/controller/controller/rss.go:808.2,811.56 2 1
github.com/apache/incubator-uniffle/deploy/kubernetes/operator/pkg/controller/controller/rss.go:816.2,816.27 1 1
github.com/apache/incubator-uniffle/deploy/kubernetes/operator/pkg/controller/controller/rss.go:801.16,804.3 2 0
github.com/apache/incubator-uniffle/deploy/kubernetes/operator/pkg/controller/controller/rss.go:805.67,807.3 1 1
github.com/apache/incubator-uniffle/deploy/kubernetes/operator/pkg/controller/controller/rss.go:811.56,815.3 2 0
github.com/apache/incubator-uniffle/deploy/kubernetes/operator/pkg/controller/controller/rss.go:820.97,823.36 3 1
github.com/apache/incubator-uniffle/deploy/kubernetes/operator/pkg/controller/controller/rss.go:826.2,830.12 4 1
github.com/apache/incubator-uniffle/deploy/kubernetes/operator/pkg/controller/controller/rss.go:823.36,825.3 1 0
github.com/apache/incubator-uniffle/deploy/kubernetes/operator/pkg/controller/controller/rss.go:836.25,839.16 3 0
github.com/apache/incubator-uniffle/deploy/kubernetes/operator/pkg/controller/controller/rss.go:843.2,846.12 4 0
github.com/apache/incubator-uniffle/deploy/kubernetes/operator/pkg/controller/controller/rss.go:839.16,842.3 2 0
github.com/apache/incubator-uniffle/deploy/kubernetes/operator/pkg/controller/controller/rss.go:850.75,852.2 1 0
github.com/apache/incubator-uniffle/deploy/kubernetes/operator/pkg/controller/controller/rss.go:855.81,857.22 2 0
github.com/apache/incubator-uniffle/deploy/kubernetes/operator/pkg/controller/controller/rss.go:862.2,862.8 1 0
github.com/apache/incubator-uniffle/deploy/kubernetes/operator/pkg/controller/controller/rss.go:857.22,861.3 3 0
github.com/apache/incubator-uniffle/deploy/kubernetes/operator/pkg/controller/controller/rss.go:866.104,869.37 3 0
github.com/apache/incubator-uniffle/deploy/kubernetes/operator/pkg/controller/controller/rss.go:882.2,882.21 1 0
github.com/apache/incubator-uniffle/deploy/kubernetes/operator/pkg/controller/controller/rss.go:869.37,871.35 2 0
github.com/apache/incubator-uniffle/deploy/kubernetes/operator/pkg/controller/controller/rss.go:878.3,878.13 1 0
github.com/apache/incubator-uniffle/deploy/kubernetes/operator/pkg/controller/controller/rss.go:871.35,873.25 2 0
github.com/apache/incubator-uniffle/deploy/kubernetes/operator/pkg/controller/controller/rss.go:873.25,875.10 2 0
github.com/apache/incubator-uniffle/deploy/kubernetes/operator/pkg/controller/controller/rss.go:878.13,880.4 1 0
github.com/apache/incubator-uniffle/deploy/kubernetes/operator/pkg/controller/controller/rss.go:886.83,889.2 2 0
github.com/apache/incubator-uniffle/deploy/kubernetes/operator/pkg/controller/controller/rss.go:893.19,895.16 2 0
github.com/apache/incubator-uniffle/deploy/kubernetes/operator/pkg/controller/controller/rss.go:899.2,900.33 2 0
github.com/apache/incubator-uniffle/deploy/kubernetes/operator/pkg/controller/controller/rss.go:903.2,903.62 1 0
github.com/apache/incubator-uniffle/deploy/kubernetes/operator/pkg/controller/controller/rss.go:895.16,898.3 2 0
github.com/apache/incubator-uniffle/deploy/kubernetes/operator/pkg/controller/controller/rss.go:900.33,902.3 1 0
github.com/apache/incubator-uniffle/deploy/kubernetes/operator/pkg/controller/controller/rss.go:906.52,908.9 2 0
github.com/apache/incubator-uniffle/deploy/kubernetes/operator/pkg/controller/controller/rss.go:911.2,911.41 1 0
github.com/apache/incubator-uniffle/deploy/kubernetes/operator/pkg/controller/controller/rss.go:908.9,910.3 1 0
